<?xml version="1.0" encoding="UTF-8"?>
<!-- Generated by org.testng.reporters.JUnitReportReporter -->
<testsuite hostname="harinijp" failures="0" tests="1" name="runners.TestRunner" time="127.113" errors="0" timestamp="2025-09-08T17:52:03 IST" skipped="0">
  <testcase classname="runners.TestRunner" name="runScenario" time="127.113"/>
</testsuite> <!-- runners.TestRunner -->
